错误: 找不到或无法加载主类 test
错误: 找不到或无法加载主类 test
错误: 找不到或无法加载主类 test
错误: 找不到或无法加载主类 test
错误: 找不到或无法加载主类 test
错误: 找不到或无法加载主类 test
Exception in thread "main" java.lang.reflect.InvocationTargetException
	at sun.reflect.NativeMethodAccessorImpl.invoke0(Native Method)
	at sun.reflect.NativeMethodAccessorImpl.invoke(NativeMethodAccessorImpl.java:62)
	at sun.reflect.DelegatingMethodAccessorImpl.invoke(DelegatingMethodAccessorImpl.java:43)
	at java.lang.reflect.Method.invoke(Method.java:497)
	at org.springframework.boot.loader.MainMethodRunner.run(MainMethodRunner.java:54)
	at java.lang.Thread.run(Thread.java:745)
Caused by: cn.evun.sweet.framework.core.cloud.CloudException: 连接到Sweet云失败, 原因: 应用【aas-rest】实例【10000】正在运行
	at cn.evun.sweet.framework.core.cloud.CloudClient.connect2CloudJoint(CloudClient.java:144)
	at cn.evun.sweet.framework.core.cloud.CloudClient.connect(CloudClient.java:80)
	at cn.evun.sweet.framework.core.cloud.CloudApplication.connect2Cloud(CloudApplication.java:88)
	at cn.evun.sweet.framework.core.SweetApplicationEntry.collectApplicationInfo(SweetApplicationEntry.java:318)
	at cn.evun.sweet.framework.core.SweetApplicationEntry.detectApplicationProperties(SweetApplicationEntry.java:85)
	at cn.evun.sweet.framework.core.SweetApplicationEntry.main(SweetApplicationEntry.java:48)
	... 6 more
Caused by: java.lang.Exception: 应用【aas-rest】实例【10000】正在运行
	at cn.evun.sweet.framework.core.cloud.CloudClient.connect2CloudJoint(CloudClient.java:141)
	... 11 more
Exception in thread "main" java.lang.RuntimeException: java.lang.reflect.InvocationTargetException
	at org.springframework.boot.loader.MainMethodRunner.run(MainMethodRunner.java:62)
	at java.lang.Thread.run(Thread.java:745)
Caused by: java.lang.reflect.InvocationTargetException
	at sun.reflect.NativeMethodAccessorImpl.invoke0(Native Method)
	at sun.reflect.NativeMethodAccessorImpl.invoke(NativeMethodAccessorImpl.java:62)
	at sun.reflect.DelegatingMethodAccessorImpl.invoke(DelegatingMethodAccessorImpl.java:43)
	at java.lang.reflect.Method.invoke(Method.java:497)
	at org.springframework.boot.loader.MainMethodRunner.run(MainMethodRunner.java:54)
	... 1 more
Caused by: cn.evun.sweet.framework.core.cloud.CloudException: 连接到Sweet云失败, 原因: 应用【aas-rest】实例【10000】正在运行
	at cn.evun.sweet.framework.core.cloud.CloudClient.connect2CloudJoint(CloudClient.java:144)
	at cn.evun.sweet.framework.core.cloud.CloudClient.connect(CloudClient.java:80)
	at cn.evun.sweet.framework.core.cloud.CloudApplication.connect2Cloud(CloudApplication.java:88)
	at cn.evun.sweet.framework.core.SweetApplicationEntry.collectApplicationInfo(SweetApplicationEntry.java:318)
	at cn.evun.sweet.framework.core.SweetApplicationEntry.detectApplicationProperties(SweetApplicationEntry.java:85)
	at cn.evun.sweet.framework.core.SweetApplicationEntry.main(SweetApplicationEntry.java:48)
	... 6 more
Caused by: java.lang.Exception: 应用【aas-rest】实例【10000】正在运行
	at cn.evun.sweet.framework.core.cloud.CloudClient.connect2CloudJoint(CloudClient.java:141)
	... 11 more
Exception in thread "main" java.lang.reflect.InvocationTargetException
	at sun.reflect.NativeMethodAccessorImpl.invoke0(Native Method)
	at sun.reflect.NativeMethodAccessorImpl.invoke(NativeMethodAccessorImpl.java:62)
	at sun.reflect.DelegatingMethodAccessorImpl.invoke(DelegatingMethodAccessorImpl.java:43)
	at java.lang.reflect.Method.invoke(Method.java:497)
	at org.springframework.boot.loader.MainMethodRunner.run(MainMethodRunner.java:54)
	at java.lang.Thread.run(Thread.java:745)
Caused by: cn.evun.sweet.framework.core.cloud.CloudException: 连接到Sweet云失败, 原因: 应用【aas-rest】实例【10000】正在运行
	at cn.evun.sweet.framework.core.cloud.CloudClient.connect2CloudJoint(CloudClient.java:144)
	at cn.evun.sweet.framework.core.cloud.CloudClient.connect(CloudClient.java:80)
	at cn.evun.sweet.framework.core.cloud.CloudApplication.connect2Cloud(CloudApplication.java:88)
	at cn.evun.sweet.framework.core.SweetApplicationEntry.collectApplicationInfo(SweetApplicationEntry.java:318)
	at cn.evun.sweet.framework.core.SweetApplicationEntry.detectApplicationProperties(SweetApplicationEntry.java:85)
	at cn.evun.sweet.framework.core.SweetApplicationEntry.main(SweetApplicationEntry.java:48)
	... 6 more
Caused by: java.lang.Exception: 应用【aas-rest】实例【10000】正在运行
	at cn.evun.sweet.framework.core.cloud.CloudClient.connect2CloudJoint(CloudClient.java:141)
	... 11 more
Exception in thread "main" java.lang.RuntimeException: java.lang.reflect.InvocationTargetException
	at org.springframework.boot.loader.MainMethodRunner.run(MainMethodRunner.java:62)
	at java.lang.Thread.run(Thread.java:745)
Caused by: java.lang.reflect.InvocationTargetException
	at sun.reflect.NativeMethodAccessorImpl.invoke0(Native Method)
	at sun.reflect.NativeMethodAccessorImpl.invoke(NativeMethodAccessorImpl.java:62)
	at sun.reflect.DelegatingMethodAccessorImpl.invoke(DelegatingMethodAccessorImpl.java:43)
	at java.lang.reflect.Method.invoke(Method.java:497)
	at org.springframework.boot.loader.MainMethodRunner.run(MainMethodRunner.java:54)
	... 1 more
Caused by: cn.evun.sweet.framework.core.cloud.CloudException: 连接到Sweet云失败, 原因: 应用【aas-rest】实例【10000】正在运行
	at cn.evun.sweet.framework.core.cloud.CloudClient.connect2CloudJoint(CloudClient.java:144)
	at cn.evun.sweet.framework.core.cloud.CloudClient.connect(CloudClient.java:80)
	at cn.evun.sweet.framework.core.cloud.CloudApplication.connect2Cloud(CloudApplication.java:88)
	at cn.evun.sweet.framework.core.SweetApplicationEntry.collectApplicationInfo(SweetApplicationEntry.java:318)
	at cn.evun.sweet.framework.core.SweetApplicationEntry.detectApplicationProperties(SweetApplicationEntry.java:85)
	at cn.evun.sweet.framework.core.SweetApplicationEntry.main(SweetApplicationEntry.java:48)
	... 6 more
Caused by: java.lang.Exception: 应用【aas-rest】实例【10000】正在运行
	at cn.evun.sweet.framework.core.cloud.CloudClient.connect2CloudJoint(CloudClient.java:141)
	... 11 more
Error occurred during initialization of VM
Initial heap size set to a larger value than the maximum heap size
Exception in thread "main" java.lang.reflect.InvocationTargetException
	at sun.reflect.NativeMethodAccessorImpl.invoke0(Native Method)
	at sun.reflect.NativeMethodAccessorImpl.invoke(NativeMethodAccessorImpl.java:62)
	at sun.reflect.DelegatingMethodAccessorImpl.invoke(DelegatingMethodAccessorImpl.java:43)
	at java.lang.reflect.Method.invoke(Method.java:497)
	at org.springframework.boot.loader.MainMethodRunner.run(MainMethodRunner.java:54)
	at java.lang.Thread.run(Thread.java:745)
Caused by: cn.evun.sweet.framework.core.cloud.CloudException: 连接到Sweet云失败, 原因: 应用【aas-rest】实例【10000】正在运行
	at cn.evun.sweet.framework.core.cloud.CloudClient.connect2CloudJoint(CloudClient.java:144)
	at cn.evun.sweet.framework.core.cloud.CloudClient.connect(CloudClient.java:80)
	at cn.evun.sweet.framework.core.cloud.CloudApplication.connect2Cloud(CloudApplication.java:88)
	at cn.evun.sweet.framework.core.SweetApplicationEntry.collectApplicationInfo(SweetApplicationEntry.java:318)
	at cn.evun.sweet.framework.core.SweetApplicationEntry.detectApplicationProperties(SweetApplicationEntry.java:85)
	at cn.evun.sweet.framework.core.SweetApplicationEntry.main(SweetApplicationEntry.java:48)
	... 6 more
Caused by: java.lang.Exception: 应用【aas-rest】实例【10000】正在运行
	at cn.evun.sweet.framework.core.cloud.CloudClient.connect2CloudJoint(CloudClient.java:141)
	... 11 more
Exception in thread "main" java.lang.RuntimeException: java.lang.reflect.InvocationTargetException
	at org.springframework.boot.loader.MainMethodRunner.run(MainMethodRunner.java:62)
	at java.lang.Thread.run(Thread.java:745)
Caused by: java.lang.reflect.InvocationTargetException
	at sun.reflect.NativeMethodAccessorImpl.invoke0(Native Method)
	at sun.reflect.NativeMethodAccessorImpl.invoke(NativeMethodAccessorImpl.java:62)
	at sun.reflect.DelegatingMethodAccessorImpl.invoke(DelegatingMethodAccessorImpl.java:43)
	at java.lang.reflect.Method.invoke(Method.java:497)
	at org.springframework.boot.loader.MainMethodRunner.run(MainMethodRunner.java:54)
	... 1 more
Caused by: cn.evun.sweet.framework.core.cloud.CloudException: 连接到Sweet云失败, 原因: 应用【aas-rest】实例【10000】正在运行
	at cn.evun.sweet.framework.core.cloud.CloudClient.connect2CloudJoint(CloudClient.java:144)
	at cn.evun.sweet.framework.core.cloud.CloudClient.connect(CloudClient.java:80)
	at cn.evun.sweet.framework.core.cloud.CloudApplication.connect2Cloud(CloudApplication.java:88)
	at cn.evun.sweet.framework.core.SweetApplicationEntry.collectApplicationInfo(SweetApplicationEntry.java:318)
	at cn.evun.sweet.framework.core.SweetApplicationEntry.detectApplicationProperties(SweetApplicationEntry.java:85)
	at cn.evun.sweet.framework.core.SweetApplicationEntry.main(SweetApplicationEntry.java:48)
	... 6 more
Caused by: java.lang.Exception: 应用【aas-rest】实例【10000】正在运行
	at cn.evun.sweet.framework.core.cloud.CloudClient.connect2CloudJoint(CloudClient.java:141)
	... 11 more
